0001   8000             .org 8000h
0002   8000             
0003   8000             _loop:
0004   8000 77          	inc a
0005   8001 D7          	push a
0006   8002 99          	mov bl, ah
0007   8003 06 0B       	int 0bh
0008   8005 DB          	push al
0009   8006 3A 08       	mov cl, 8
0010   8008 A1          	shr a, cl
0011   8009 06 05       	int 5
0012   800B E8          	pop al
0013   800C 06 05       	int 5
0014   800E             
0015   800E E4          	pop a
0016   800F D7          	push a
0017   8010 2F          	mov bl, al
0018   8011 06 0B       	int 0bh
0019   8013 DB          	push al
0020   8014 3A 08       	mov cl, 8
0021   8016 A1          	shr a, cl
0022   8017 06 05       	int 5
0023   8019 E8          	pop al
0024   801A 06 05       	int 5
0025   801C             
0026   801C 19 0D       	mov al, 0dh
0027   801E 06 05       	int 5
0028   8020 19 0A       	mov al, 0ah
0029   8022 06 05       	int 5
0030   8024 E4          	pop a
0031   8025 0C 00 80    	jmp _loop
0032   8028             
0033   8028             .end
0034   8028             
0035   8028             0036   8028             0037   8028             0038   8028             0039   8028             0040   8028             0041   8028             0042   8028             0043   8028             0044   8028             0045   8028             0046   8028             0047   8028             0048   8028             0049   8028             0050   8028             0051   8028             0052   8028             0053   8028             0054   8028             0055   8028             0056   8028             0057   8028             0058   8028             0059   8028             0060   8028             0061   8028             0062   8028             0063   8028             0064   8028             0065   8028             0066   8028             0067   8028             0068   8028             0069   8028             0070   8028             0071   8028             0072   8028             0073   8028             0074   8028             0075   8028             0076   8028             0077   8028             0078   8028             0079   8028             0080   8028             0081   8028             0082   8028             0083   8028             0084   8028             0085   8028             0086   8028             0087   8028             0088   8028             0089   8028             0090   8028             0091   8028             0092   8028             0093   8028             0094   8028             0095   8028             0096   8028             0097   8028             0098   8028             tasm: Number of errors = 0
