0001   8000             .org 8000h
0002   8000             
0003   8000             _begin:
0004   8000 3B 1C 80    	mov d, str1
0005   8003 06 05       	int 5
0006   8005             
0007   8005 06 09       	int 9
0008   8007 D7          	push a
0009   8008             
0010   8008 3B 2E 80    	mov d, str2
0011   800B 06 05       	int 5
0012   800D 06 09       	int 9
0013   800F 27          	mov b, a
0014   8010 E4          	pop a
0015   8011             
0016   8011 AE          	div a, b
0017   8012             
0018   8012 3B 42 80    	mov d, str3
0019   8015 06 05       	int 5
0020   8017             
0021   8017 06 0A       	int 0ah
0022   8019             
0023   8019 0C 00 80    	jmp _begin
0024   801C             
0025   801C             
0026   801C 65 6E 74 65 str1: .db "enter numerator: ", 0
0026   8020 72 20 6E 75 
0026   8024 6D 65 72 61 
0026   8028 74 6F 72 3A 
0026   802C 20 00 
0027   802E 65 6E 74 65 str2: .db "enter denominator: ", 0
0027   8032 72 20 64 65 
0027   8036 6E 6F 6D 69 
0027   803A 6E 61 74 6F 
0027   803E 72 3A 20 00 
0028   8042             
0029   8042 72 65 73 75 str3: .db "result: ", 0
0029   8046 6C 74 3A 20 
0029   804A 00 
0030   804B             
0031   804B             
0032   804B             
0033   804B             
0034   804B             .end
0035   804B             0036   804B             0037   804B             0038   804B             0039   804B             0040   804B             0041   804B             0042   804B             0043   804B             0044   804B             0045   804B             0046   804B             0047   804B             0048   804B             0049   804B             0050   804B             0051   804B             0052   804B             0053   804B             0054   804B             0055   804B             0056   804B             0057   804B             0058   804B             0059   804B             0060   804B             0061   804B             0062   804B             0063   804B             0064   804B             0065   804B             0066   804B             0067   804B             0068   804B             0069   804B             0070   804B             0071   804B             0072   804B             0073   804B             0074   804B             0075   804B             0076   804B             0077   804B             0078   804B             0079   804B             0080   804B             0081   804B             0082   804B             0083   804B             0084   804B             0085   804B             0086   804B             0087   804B             0088   804B             0089   804B             0090   804B             0091   804B             0092   804B             0093   804B             0094   804B             0095   804B             0096   804B             0097   804B             0098   804B             0099   804B             0100   804B             0101   804B             0102   804B             0103   804B             0104   804B             0105   804B             0106   804B             0107   804B             0108   804B             0109   804B             0110   804B             0111   804B             0112   804B             0113   804B             0114   804B             0115   804B             0116   804B             0117   804B             0118   804B             0119   804B             0120   804B             0121   804B             0122   804B             0123   804B             0124   804B             0125   804B             0126   804B             0127   804B             0128   804B             0129   804B             0130   804B             0131   804B             0132   804B             0133   804B             0134   804B             0135   804B             0136   804B             0137   804B             0138   804B             0139   804B             0140   804B             0141   804B             0142   804B             0143   804B             0144   804B             0145   804B             0146   804B             0147   804B             0148   804B             0149   804B             0150   804B             0151   804B             0152   804B             0153   804B             0154   804B             0155   804B             0156   804B             0157   804B             0158   804B             0159   804B             0160   804B             0161   804B             0162   804B             tasm: Number of errors = 0
